<?xml version="1.0" encoding="UTF-8"?>
<!-- Generated by org.testng.reporters.JUnitXMLReporter -->
<testsuite ignored="0" hostname="MKT" failures="0" tests="3" name="Testing on Chrome" time="65.639" errors="0" timestamp="2026-09-22T08:13:13 IST">
  <testcase classname="learning.Ab70Maven.LoginToAmazon" name="withValidCred" time="7.32"/>
  <testcase classname="learning.Ab70Maven.LoginToAmazonAndLogout" name="loginandLogout" time="9.31"/>
  <testcase classname="learning.Ab70Maven.LoginToAmazonSearchLogout" name="loginSearchingLogout" time="44.535"/>
</testsuite> <!-- Testing on Chrome -->
