<?xml version="1.0" encoding="UTF-8"?>
<testng-results ignored="0" total="3" passed="3" failed="0" skipped="0">
  <reporter-output>
    <line>
      <![CDATA[Browser is launched Successfully]]>
    </line>
    <line>
      <![CDATA[Hoverover On Account and List]]>
    </line>
    <line>
      <![CDATA[Click on Signin]]>
    </line>
    <line>
      <![CDATA[Enter the Username]]>
    </line>
    <line>
      <![CDATA[Click on Contonue BUtton]]>
    </line>
    <line>
      <![CDATA[Enter the Password]]>
    </line>
    <line>
      <![CDATA[Click on signin Button]]>
    </line>
    <line>
      <![CDATA[TestCase is Pass]]>
    </line>
    <line>
      <![CDATA[Browser is launched Successfully]]>
    </line>
    <line>
      <![CDATA[Hoverover On Account and List]]>
    </line>
    <line>
      <![CDATA[Click on Signin]]>
    </line>
    <line>
      <![CDATA[Enter the Username]]>
    </line>
    <line>
      <![CDATA[Click on Contonue BUtton]]>
    </line>
    <line>
      <![CDATA[Enter the Password]]>
    </line>
    <line>
      <![CDATA[Click on signin Button]]>
    </line>
    <line>
      <![CDATA[Hoverover On Account and List]]>
    </line>
    <line>
      <![CDATA[Click on signout Button]]>
    </line>
    <line>
      <![CDATA[TestCase is Pass]]>
    </line>
    <line>
      <![CDATA[Browser is launched Successfully]]>
    </line>
    <line>
      <![CDATA[Hoverover On Account and List]]>
    </line>
    <line>
      <![CDATA[Click on Signin]]>
    </line>
    <line>
      <![CDATA[Enter the Username]]>
    </line>
    <line>
      <![CDATA[Click on Contonue BUtton]]>
    </line>
    <line>
      <![CDATA[Enter the Password]]>
    </line>
    <line>
      <![CDATA[Click on signin Button]]>
    </line>
    <line>
      <![CDATA[Login is sussessful]]>
    </line>
    <line>
      <![CDATA[Search the Product Successful]]>
    </line>
    <line>
      <![CDATA[Hoverover On Account and List]]>
    </line>
    <line>
      <![CDATA[TestCase is Pass]]>
    </line>
  </reporter-output>
  <suite started-at="2026-09-22T08:12:07 IST" name="Smoke Suite" finished-at="2026-09-22T08:13:13 IST" duration-ms="65639">
    <groups>
    </groups>
    <test started-at="2026-09-22T08:12:07 IST" name="Testing on Chrome" finished-at="2026-09-22T08:13:13 IST" duration-ms="65639">
      <class name="learning.Ab70Maven.LoginToAmazonSearchLogout">
        <test-method is-config="true" signature="launchbrowser(java.lang.String)[pri:0, instance:learning.Ab70Maven.LoginToAmazonSearchLogout@a514af7]" started-at="2026-09-22T08:12:27 IST" name="launchbrowser" finished-at="2026-09-22T08:12:28 IST" duration-ms="1047" status="PASS">
          <params>
            <param index="0">
              <value>
                <![CDATA[chrome]]>
              </value>
            </param>
          </params>
          <reporter-output>
          </reporter-output>
        </test-method> <!-- launchbrowser -->
        <test-method signature="loginSearchingLogout()[pri:0, instance:learning.Ab70Maven.LoginToAmazonSearchLogout@a514af7]" started-at="2026-09-22T08:12:28 IST" name="loginSearchingLogout" finished-at="2026-09-22T08:13:13 IST" duration-ms="44535" status="PASS">
          <reporter-output>
            <line>
              <![CDATA[Browser is launched Successfully]]>
            </line>
            <line>
              <![CDATA[Hoverover On Account and List]]>
            </line>
            <line>
              <![CDATA[Click on Signin]]>
            </line>
            <line>
              <![CDATA[Enter the Username]]>
            </line>
            <line>
              <![CDATA[Click on Contonue BUtton]]>
            </line>
            <line>
              <![CDATA[Enter the Password]]>
            </line>
            <line>
              <![CDATA[Click on signin Button]]>
            </line>
            <line>
              <![CDATA[Login is sussessful]]>
            </line>
            <line>
              <![CDATA[Search the Product Successful]]>
            </line>
            <line>
              <![CDATA[Hoverover On Account and List]]>
            </line>
            <line>
              <![CDATA[TestCase is Pass]]>
            </line>
          </reporter-output>
        </test-method> <!-- loginSearchingLogout -->
        <test-method is-config="true" signature="quitbrowser()[pri:0, instance:learning.Ab70Maven.LoginToAmazonSearchLogout@a514af7]" started-at="2026-09-22T08:13:13 IST" name="quitbrowser" finished-at="2026-09-22T08:13:13 IST" duration-ms="0" status="PASS">
          <reporter-output>
          </reporter-output>
        </test-method> <!-- quitbrowser -->
      </class> <!-- learning.Ab70Maven.LoginToAmazonSearchLogout -->
      <class name="learning.Ab70Maven.LoginToAmazonAndLogout">
        <test-method is-config="true" signature="launchbrowser(java.lang.String)[pri:0, instance:learning.Ab70Maven.LoginToAmazonAndLogout@4466af20]" started-at="2026-09-22T08:12:16 IST" name="launchbrowser" finished-at="2026-09-22T08:12:18 IST" duration-ms="1215" status="PASS">
          <params>
            <param index="0">
              <value>
                <![CDATA[chrome]]>
              </value>
            </param>
          </params>
          <reporter-output>
          </reporter-output>
        </test-method> <!-- launchbrowser -->
        <test-method signature="loginandLogout()[pri:0, instance:learning.Ab70Maven.LoginToAmazonAndLogout@4466af20]" started-at="2026-09-22T08:12:18 IST" name="loginandLogout" finished-at="2026-09-22T08:12:27 IST" duration-ms="9310" status="PASS">
          <reporter-output>
            <line>
              <![CDATA[Browser is launched Successfully]]>
            </line>
            <line>
              <![CDATA[Hoverover On Account and List]]>
            </line>
            <line>
              <![CDATA[Click on Signin]]>
            </line>
            <line>
              <![CDATA[Enter the Username]]>
            </line>
            <line>
              <![CDATA[Click on Contonue BUtton]]>
            </line>
            <line>
              <![CDATA[Enter the Password]]>
            </line>
            <line>
              <![CDATA[Click on signin Button]]>
            </line>
            <line>
              <![CDATA[Hoverover On Account and List]]>
            </line>
            <line>
              <![CDATA[Click on signout Button]]>
            </line>
            <line>
              <![CDATA[TestCase is Pass]]>
            </line>
          </reporter-output>
        </test-method> <!-- loginandLogout -->
        <test-method is-config="true" signature="quitbrowser()[pri:0, instance:learning.Ab70Maven.LoginToAmazonAndLogout@4466af20]" started-at="2026-09-22T08:12:27 IST" name="quitbrowser" finished-at="2026-09-22T08:12:27 IST" duration-ms="0" status="PASS">
          <reporter-output>
          </reporter-output>
        </test-method> <!-- quitbrowser -->
      </class> <!-- learning.Ab70Maven.LoginToAmazonAndLogout -->
      <class name="learning.Ab70Maven.LoginToAmazon">
        <test-method is-config="true" signature="launchbrowser(java.lang.String)[pri:0, instance:learning.Ab70Maven.LoginToAmazon@5f058f00]" started-at="2026-09-22T08:12:07 IST" name="launchbrowser" finished-at="2026-09-22T08:12:09 IST" duration-ms="1577" status="PASS">
          <params>
            <param index="0">
              <value>
                <![CDATA[chrome]]>
              </value>
            </param>
          </params>
          <reporter-output>
          </reporter-output>
        </test-method> <!-- launchbrowser -->
        <test-method signature="withValidCred()[pri:0, instance:learning.Ab70Maven.LoginToAmazon@5f058f00]" started-at="2026-09-22T08:12:09 IST" name="withValidCred" finished-at="2026-09-22T08:12:16 IST" duration-ms="7320" status="PASS">
          <reporter-output>
            <line>
              <![CDATA[Browser is launched Successfully]]>
            </line>
            <line>
              <![CDATA[Hoverover On Account and List]]>
            </line>
            <line>
              <![CDATA[Click on Signin]]>
            </line>
            <line>
              <![CDATA[Enter the Username]]>
            </line>
            <line>
              <![CDATA[Click on Contonue BUtton]]>
            </line>
            <line>
              <![CDATA[Enter the Password]]>
            </line>
            <line>
              <![CDATA[Click on signin Button]]>
            </line>
            <line>
              <![CDATA[TestCase is Pass]]>
            </line>
          </reporter-output>
        </test-method> <!-- withValidCred -->
        <test-method is-config="true" signature="quitbrowser()[pri:0, instance:learning.Ab70Maven.LoginToAmazon@5f058f00]" started-at="2026-09-22T08:12:16 IST" name="quitbrowser" finished-at="2026-09-22T08:12:16 IST" duration-ms="1" status="PASS">
          <reporter-output>
          </reporter-output>
        </test-method> <!-- quitbrowser -->
      </class> <!-- learning.Ab70Maven.LoginToAmazon -->
    </test> <!-- Testing on Chrome -->
  </suite> <!-- Smoke Suite -->
</testng-results>
