<?xml version="1.0" encoding="UTF-8"?>
<!-- Generated by org.testng.reporters.JUnitReportReporter -->
<testsuite hostname="MKT" failures="0" tests="1" name="learning.Ab70Maven.LoginToAmazonAndLogout" time="10.525" errors="0" timestamp="2026-09-22T08:13:13 IST" skipped="0">
  <testcase classname="learning.Ab70Maven.LoginToAmazonAndLogout" name="loginandLogout" time="10.525">
    <system-out>
      <![CDATA[Browser is launched Successfully
Hoverover On Account and List
Click on Signin
Enter the Username
Click on Contonue BUtton
Enter the Password
Click on signin Button
Hoverover On Account and List
Click on signout Button
TestCase is Pass]]>
    </system-out>
  </testcase> <!-- loginandLogout -->
  <system-out>
    <![CDATA[Browser is launched Successfully
Hoverover On Account and List
Click on Signin
Enter the Username
Click on Contonue BUtton
Enter the Password
Click on signin Button
TestCase is Pass
Browser is launched Successfully
Hoverover On Account and List
Click on Signin
Enter the Username
Click on Contonue BUtton
Enter the Password
Click on signin Button
Hoverover On Account and List
Click on signout Button
TestCase is Pass
Browser is launched Successfully
Hoverover On Account and List
Click on Signin
Enter the Username
Click on Contonue BUtton
Enter the Password
Click on signin Button
Login is sussessful
Search the Product Successful
Hoverover On Account and List
TestCase is Pass]]>
  </system-out>
</testsuite> <!-- learning.Ab70Maven.LoginToAmazonAndLogout -->
